<?xml version="1.0" encoding="UTF-8" ?>
<testsuite tests="3" failures="3" name="com.mycompany.icaguiapplication.FurnitureTest.FurnitureTests" time="0.052" errors="0" skipped="0">
  <properties>
[...]
</properties>
  <testcase classname="com.mycompany.icaguiapplication.FurnitureTest.FurnitureTests" name="com.mycompany.icaguiapplication.FurnitureTest.FurnitureTests.testTableClass" time="0.044">
    <failure message="expected: &lt;Table 3 made of C, diameter: 120cm, base type: pedestal, price: £150.0, quantity: 3&gt; but was: &lt;Table 3made of C,diameter: 120cm, base type: pedestal, price: £150.0,quantity 3&gt;" type="org.opentest4j.AssertionFailedError">org.opentest4j.AssertionFailedError: expected: &lt;Table 3 made of C, diameter: 120cm, base type: pedestal, price: £150.0, quantity: 3&gt; but was: &lt;Table 3made of C,diameter: 120cm, base type: pedestal, price: £150.0,quantity 3&gt;
	at org.junit.jupiter.api.AssertionUtils.fail(AssertionUtils.java:55)
	at org.junit.jupiter.api.AssertionUtils.failNotEqual(AssertionUtils.java:62)
	at org.junit.jupiter.api.AssertEquals.assertEquals(AssertEquals.java:182)
	at org.junit.jupiter.api.AssertEquals.assertEquals(AssertEquals.java:177)
	at org.junit.jupiter.api.Assertions.assertEquals(Assertions.java:1124)
	at com.mycompany.icaguiapplication.FurnitureTest.FurnitureTests.testTableClass(FurnitureTests.java:63)
</failure>
  </testcase>
  <testcase classname="com.mycompany.icaguiapplication.FurnitureTest.FurnitureTests" name="com.mycompany.icaguiapplication.FurnitureTest.FurnitureTests.testChairClass" time="0.007">
    <failure message="expected: &lt;Chair 1 is made of A with armrests, price £50.0, quantity 2&gt; but was: &lt;Chair 1made of A with armrests, price: £50.0, quantity: 2&gt;" type="org.opentest4j.AssertionFailedError">org.opentest4j.AssertionFailedError: expected: &lt;Chair 1 is made of A with armrests, price £50.0, quantity 2&gt; but was: &lt;Chair 1made of A with armrests, price: £50.0, quantity: 2&gt;
	at org.junit.jupiter.api.AssertionUtils.fail(AssertionUtils.java:55)
	at org.junit.jupiter.api.AssertionUtils.failNotEqual(AssertionUtils.java:62)
	at org.junit.jupiter.api.AssertEquals.assertEquals(AssertEquals.java:182)
	at org.junit.jupiter.api.AssertEquals.assertEquals(AssertEquals.java:177)
	at org.junit.jupiter.api.Assertions.assertEquals(Assertions.java:1124)
	at com.mycompany.icaguiapplication.FurnitureTest.FurnitureTests.testChairClass(FurnitureTests.java:44)
</failure>
  </testcase>
  <testcase classname="com.mycompany.icaguiapplication.FurnitureTest.FurnitureTests" name="com.mycompany.icaguiapplication.FurnitureTest.FurnitureTests.testDeskClass" time="0.001">
    <failure message="expected: &lt;80&gt; but was: &lt;0&gt;" type="org.opentest4j.AssertionFailedError">org.opentest4j.AssertionFailedError: expected: &lt;80&gt; but was: &lt;0&gt;
	at org.junit.jupiter.api.AssertionUtils.fail(AssertionUtils.java:55)
	at org.junit.jupiter.api.AssertionUtils.failNotEqual(AssertionUtils.java:62)
	at org.junit.jupiter.api.AssertEquals.assertEquals(AssertEquals.java:150)
	at org.junit.jupiter.api.AssertEquals.assertEquals(AssertEquals.java:145)
	at org.junit.jupiter.api.Assertions.assertEquals(Assertions.java:510)
	at com.mycompany.icaguiapplication.FurnitureTest.FurnitureTests.testDeskClass(FurnitureTests.java:51)
</failure>
  </testcase>
</testsuite>